autoreconf: Entering directory `.'
autoreconf: configure.ac: not using Gettext
autoreconf: running: aclocal -I m4 -I libopts/m4
configure.ac:133: warning: AC_LANG_CONFTEST: no AC_LANG_SOURCE call detected in body
../../lib/autoconf/lang.m4:193: AC_LANG_CONFTEST is expanded from...
../../lib/autoconf/general.m4:2590: _AC_COMPILE_IFELSE is expanded from...
../../lib/autoconf/general.m4:2606: AC_COMPILE_IFELSE is expanded from...
../../lib/m4sugar/m4sh.m4:639: AS_IF is expanded from...
../../lib/autoconf/general.m4:2031: AC_CACHE_VAL is expanded from...
../../lib/autoconf/general.m4:2052: AC_CACHE_CHECK is expanded from...
configure.ac:133: the top level
configure.ac:693: warning: AC_LANG_CONFTEST: no AC_LANG_SOURCE call detected in body
../../lib/autoconf/lang.m4:193: AC_LANG_CONFTEST is expanded from...
../../lib/autoconf/general.m4:2590: _AC_COMPILE_IFELSE is expanded from...
../../lib/autoconf/general.m4:2606: AC_COMPILE_IFELSE is expanded from...
configure.ac:693: the top level
configure.ac:720: warning: AC_LANG_CONFTEST: no AC_LANG_SOURCE call detected in body
../../lib/autoconf/lang.m4:193: AC_LANG_CONFTEST is expanded from...
../../lib/autoconf/general.m4:2590: _AC_COMPILE_IFELSE is expanded from...
../../lib/autoconf/general.m4:2606: AC_COMPILE_IFELSE is expanded from...
configure.ac:720: the top level
configure.ac:2178: warning: AC_LANG_CONFTEST: no AC_LANG_SOURCE call detected in body
../../lib/autoconf/lang.m4:193: AC_LANG_CONFTEST is expanded from...
../../lib/autoconf/general.m4:2590: _AC_COMPILE_IFELSE is expanded from...
../../lib/autoconf/general.m4:2606: AC_COMPILE_IFELSE is expanded from...
../../lib/m4sugar/m4sh.m4:639: AS_IF is expanded from...
../../lib/autoconf/general.m4:2031: AC_CACHE_VAL is expanded from...
../../lib/autoconf/general.m4:2052: AC_CACHE_CHECK is expanded from...
configure.ac:2178: the top level
configure.ac:3410: warning: AC_LANG_CONFTEST: no AC_LANG_SOURCE call detected in body
../../lib/autoconf/lang.m4:193: AC_LANG_CONFTEST is expanded from...
../../lib/autoconf/general.m4:2590: _AC_COMPILE_IFELSE is expanded from...
../../lib/autoconf/general.m4:2606: AC_COMPILE_IFELSE is expanded from...
configure.ac:3410: the top level
configure.ac:3423: warning: AC_LANG_CONFTEST: no AC_LANG_SOURCE call detected in body
../../lib/autoconf/lang.m4:193: AC_LANG_CONFTEST is expanded from...
../../lib/autoconf/general.m4:2590: _AC_COMPILE_IFELSE is expanded from...
../../lib/autoconf/general.m4:2606: AC_COMPILE_IFELSE is expanded from...
configure.ac:3423: the top level
configure.ac:133: warning: AC_LANG_CONFTEST: no AC_LANG_SOURCE call detected in body
../../lib/autoconf/lang.m4:193: AC_LANG_CONFTEST is expanded from...
../../lib/autoconf/general.m4:2590: _AC_COMPILE_IFELSE is expanded from...
../../lib/autoconf/general.m4:2606: AC_COMPILE_IFELSE is expanded from...
../../lib/m4sugar/m4sh.m4:639: AS_IF is expanded from...
../../lib/autoconf/general.m4:2031: AC_CACHE_VAL is expanded from...
../../lib/autoconf/general.m4:2052: AC_CACHE_CHECK is expanded from...
configure.ac:133: the top level
configure.ac:693: warning: AC_LANG_CONFTEST: no AC_LANG_SOURCE call detected in body
../../lib/autoconf/lang.m4:193: AC_LANG_CONFTEST is expanded from...
../../lib/autoconf/general.m4:2590: _AC_COMPILE_IFELSE is expanded from...
../../lib/autoconf/general.m4:2606: AC_COMPILE_IFELSE is expanded from...
configure.ac:693: the top level
configure.ac:720: warning: AC_LANG_CONFTEST: no AC_LANG_SOURCE call detected in body
../../lib/autoconf/lang.m4:193: AC_LANG_CONFTEST is expanded from...
../../lib/autoconf/general.m4:2590: _AC_COMPILE_IFELSE is expanded from...
../../lib/autoconf/general.m4:2606: AC_COMPILE_IFELSE is expanded from...
configure.ac:720: the top level
configure.ac:2178: warning: AC_LANG_CONFTEST: no AC_LANG_SOURCE call detected in body
../../lib/autoconf/lang.m4:193: AC_LANG_CONFTEST is expanded from...
../../lib/autoconf/general.m4:2590: _AC_COMPILE_IFELSE is expanded from...
../../lib/autoconf/general.m4:2606: AC_COMPILE_IFELSE is expanded from...
../../lib/m4sugar/m4sh.m4:639: AS_IF is expanded from...
../../lib/autoconf/general.m4:2031: AC_CACHE_VAL is expanded from...
../../lib/autoconf/general.m4:2052: AC_CACHE_CHECK is expanded from...
configure.ac:2178: the top level
configure.ac:3410: warning: AC_LANG_CONFTEST: no AC_LANG_SOURCE call detected in body
../../lib/autoconf/lang.m4:193: AC_LANG_CONFTEST is expanded from...
../../lib/autoconf/general.m4:2590: _AC_COMPILE_IFELSE is expanded from...
../../lib/autoconf/general.m4:2606: AC_COMPILE_IFELSE is expanded from...
configure.ac:3410: the top level
configure.ac:3423: warning: AC_LANG_CONFTEST: no AC_LANG_SOURCE call detected in body
../../lib/autoconf/lang.m4:193: AC_LANG_CONFTEST is expanded from...
../../lib/autoconf/general.m4:2590: _AC_COMPILE_IFELSE is expanded from...
../../lib/autoconf/general.m4:2606: AC_COMPILE_IFELSE is expanded from...
configure.ac:3423: the top level
autoreconf: configure.ac: tracing
configure.ac:133: warning: AC_LANG_CONFTEST: no AC_LANG_SOURCE call detected in body
../../lib/autoconf/lang.m4:193: AC_LANG_CONFTEST is expanded from...
../../lib/autoconf/general.m4:2590: _AC_COMPILE_IFELSE is expanded from...
../../lib/autoconf/general.m4:2606: AC_COMPILE_IFELSE is expanded from...
../../lib/m4sugar/m4sh.m4:639: AS_IF is expanded from...
../../lib/autoconf/general.m4:2031: AC_CACHE_VAL is expanded from...
../../lib/autoconf/general.m4:2052: AC_CACHE_CHECK is expanded from...
configure.ac:133: the top level
configure.ac:693: warning: AC_LANG_CONFTEST: no AC_LANG_SOURCE call detected in body
../../lib/autoconf/lang.m4:193: AC_LANG_CONFTEST is expanded from...
../../lib/autoconf/general.m4:2590: _AC_COMPILE_IFELSE is expanded from...
../../lib/autoconf/general.m4:2606: AC_COMPILE_IFELSE is expanded from...
configure.ac:693: the top level
configure.ac:720: warning: AC_LANG_CONFTEST: no AC_LANG_SOURCE call detected in body
../../lib/autoconf/lang.m4:193: AC_LANG_CONFTEST is expanded from...
../../lib/autoconf/general.m4:2590: _AC_COMPILE_IFELSE is expanded from...
../../lib/autoconf/general.m4:2606: AC_COMPILE_IFELSE is expanded from...
configure.ac:720: the top level
configure.ac:2178: warning: AC_LANG_CONFTEST: no AC_LANG_SOURCE call detected in body
../../lib/autoconf/lang.m4:193: AC_LANG_CONFTEST is expanded from...
../../lib/autoconf/general.m4:2590: _AC_COMPILE_IFELSE is expanded from...
../../lib/autoconf/general.m4:2606: AC_COMPILE_IFELSE is expanded from...
../../lib/m4sugar/m4sh.m4:639: AS_IF is expanded from...
../../lib/autoconf/general.m4:2031: AC_CACHE_VAL is expanded from...
../../lib/autoconf/general.m4:2052: AC_CACHE_CHECK is expanded from...
configure.ac:2178: the top level
configure.ac:3410: warning: AC_LANG_CONFTEST: no AC_LANG_SOURCE call detected in body
../../lib/autoconf/lang.m4:193: AC_LANG_CONFTEST is expanded from...
../../lib/autoconf/general.m4:2590: _AC_COMPILE_IFELSE is expanded from...
../../lib/autoconf/general.m4:2606: AC_COMPILE_IFELSE is expanded from...
configure.ac:3410: the top level
configure.ac:3423: warning: AC_LANG_CONFTEST: no AC_LANG_SOURCE call detected in body
../../lib/autoconf/lang.m4:193: AC_LANG_CONFTEST is expanded from...
../../lib/autoconf/general.m4:2590: _AC_COMPILE_IFELSE is expanded from...
../../lib/autoconf/general.m4:2606: AC_COMPILE_IFELSE is expanded from...
configure.ac:3423: the top level
autoreconf: configure.ac: adding subdirectory sntp to autoreconf
autoreconf: Entering directory `sntp'
autoreconf: running: aclocal -I ../m4 -I libopts/m4
configure.ac:127: warning: AC_REQUIRE: `AC_HEADER_STDC' was expanded before it was required
configure.ac:127: http://www.gnu.org/software/autoconf/manual/autoconf.html#Expanded-Before-Required
../../lib/autoconf/headers.m4:297: _AC_INCLUDES_DEFAULT_REQUIREMENTS is expanded from...
../../lib/autoconf/headers.m4:353: AC_INCLUDES_DEFAULT is expanded from...
../../lib/autoconf/headers.m4:129: _AC_CHECK_HEADER_MONGREL is expanded from...
../../lib/autoconf/headers.m4:67: AC_CHECK_HEADER is expanded from...
../../lib/m4sugar/m4sh.m4:607: AS_FOR is expanded from...
../../lib/autoconf/headers.m4:249: AC_CHECK_HEADERS is expanded from...
libopts/m4/libopts.m4:11: INVOKE_LIBOPTS_MACROS_FIRST is expanded from...
libopts/m4/libopts.m4:408: INVOKE_LIBOPTS_MACROS is expanded from...
libopts/m4/libopts.m4:466: LIBOPTS_CHECK is expanded from...
configure.ac:127: the top level
configure.ac:414: warning: AC_LANG_CONFTEST: no AC_LANG_SOURCE call detected in body
../../lib/autoconf/lang.m4:193: AC_LANG_CONFTEST is expanded from...
../../lib/autoconf/general.m4:2590: _AC_COMPILE_IFELSE is expanded from...
../../lib/autoconf/general.m4:2606: AC_COMPILE_IFELSE is expanded from...
../../lib/m4sugar/m4sh.m4:639: AS_IF is expanded from...
../../lib/autoconf/general.m4:2031: AC_CACHE_VAL is expanded from...
../../lib/autoconf/general.m4:2052: AC_CACHE_CHECK is expanded from...
configure.ac:414: the top level
configure.ac:127: warning: AC_REQUIRE: `AC_HEADER_STDC' was expanded before it was required
configure.ac:127: http://www.gnu.org/software/autoconf/manual/autoconf.html#Expanded-Before-Required
../../lib/autoconf/headers.m4:297: _AC_INCLUDES_DEFAULT_REQUIREMENTS is expanded from...
../../lib/autoconf/headers.m4:353: AC_INCLUDES_DEFAULT is expanded from...
../../lib/autoconf/headers.m4:129: _AC_CHECK_HEADER_MONGREL is expanded from...
../../lib/autoconf/headers.m4:67: AC_CHECK_HEADER is expanded from...
../../lib/m4sugar/m4sh.m4:607: AS_FOR is expanded from...
../../lib/autoconf/headers.m4:249: AC_CHECK_HEADERS is expanded from...
libopts/m4/libopts.m4:11: INVOKE_LIBOPTS_MACROS_FIRST is expanded from...
libopts/m4/libopts.m4:408: INVOKE_LIBOPTS_MACROS is expanded from...
libopts/m4/libopts.m4:466: LIBOPTS_CHECK is expanded from...
configure.ac:127: the top level
configure.ac:414: warning: AC_LANG_CONFTEST: no AC_LANG_SOURCE call detected in body
../../lib/autoconf/lang.m4:193: AC_LANG_CONFTEST is expanded from...
../../lib/autoconf/general.m4:2590: _AC_COMPILE_IFELSE is expanded from...
../../lib/autoconf/general.m4:2606: AC_COMPILE_IFELSE is expanded from...
../../lib/m4sugar/m4sh.m4:639: AS_IF is expanded from...
../../lib/autoconf/general.m4:2031: AC_CACHE_VAL is expanded from...
../../lib/autoconf/general.m4:2052: AC_CACHE_CHECK is expanded from...
configure.ac:414: the top level
configure.ac:127: warning: AC_REQUIRE: `AC_HEADER_STDC' was expanded before it was required
configure.ac:127: http://www.gnu.org/software/autoconf/manual/autoconf.html#Expanded-Before-Required
../../lib/autoconf/headers.m4:297: _AC_INCLUDES_DEFAULT_REQUIREMENTS is expanded from...
../../lib/autoconf/headers.m4:353: AC_INCLUDES_DEFAULT is expanded from...
../../lib/autoconf/headers.m4:129: _AC_CHECK_HEADER_MONGREL is expanded from...
../../lib/autoconf/headers.m4:67: AC_CHECK_HEADER is expanded from...
../../lib/m4sugar/m4sh.m4:607: AS_FOR is expanded from...
../../lib/autoconf/headers.m4:249: AC_CHECK_HEADERS is expanded from...
libopts/m4/libopts.m4:11: INVOKE_LIBOPTS_MACROS_FIRST is expanded from...
libopts/m4/libopts.m4:408: INVOKE_LIBOPTS_MACROS is expanded from...
libopts/m4/libopts.m4:466: LIBOPTS_CHECK is expanded from...
configure.ac:127: the top level
configure.ac:414: warning: AC_LANG_CONFTEST: no AC_LANG_SOURCE call detected in body
../../lib/autoconf/lang.m4:193: AC_LANG_CONFTEST is expanded from...
../../lib/autoconf/general.m4:2590: _AC_COMPILE_IFELSE is expanded from...
../../lib/autoconf/general.m4:2606: AC_COMPILE_IFELSE is expanded from...
../../lib/m4sugar/m4sh.m4:639: AS_IF is expanded from...
../../lib/autoconf/general.m4:2031: AC_CACHE_VAL is expanded from...
../../lib/autoconf/general.m4:2052: AC_CACHE_CHECK is expanded from...
configure.ac:414: the top level
autoreconf: running: libtoolize --copy
libtoolize: putting auxiliary files in AC_CONFIG_AUX_DIR, `.'.
libtoolize: copying file `./ltmain.sh'
libtoolize: putting macros in AC_CONFIG_MACRO_DIR, `../m4'.
libtoolize: copying file `../m4/libtool.m4'
libtoolize: copying file `../m4/ltoptions.m4'
libtoolize: copying file `../m4/ltsugar.m4'
libtoolize: copying file `../m4/ltversion.m4'
libtoolize: copying file `../m4/lt~obsolete.m4'
configure.ac:127: warning: AC_REQUIRE: `AC_HEADER_STDC' was expanded before it was required
configure.ac:127: http://www.gnu.org/software/autoconf/manual/autoconf.html#Expanded-Before-Required
../../lib/autoconf/headers.m4:297: _AC_INCLUDES_DEFAULT_REQUIREMENTS is expanded from...
../../lib/autoconf/headers.m4:353: AC_INCLUDES_DEFAULT is expanded from...
../../lib/autoconf/headers.m4:129: _AC_CHECK_HEADER_MONGREL is expanded from...
../../lib/autoconf/headers.m4:67: AC_CHECK_HEADER is expanded from...
../../lib/m4sugar/m4sh.m4:607: AS_FOR is expanded from...
../../lib/autoconf/headers.m4:249: AC_CHECK_HEADERS is expanded from...
libopts/m4/libopts.m4:11: INVOKE_LIBOPTS_MACROS_FIRST is expanded from...
libopts/m4/libopts.m4:408: INVOKE_LIBOPTS_MACROS is expanded from...
libopts/m4/libopts.m4:466: LIBOPTS_CHECK is expanded from...
configure.ac:127: the top level
configure.ac:414: warning: AC_LANG_CONFTEST: no AC_LANG_SOURCE call detected in body
../../lib/autoconf/lang.m4:193: AC_LANG_CONFTEST is expanded from...
../../lib/autoconf/general.m4:2590: _AC_COMPILE_IFELSE is expanded from...
../../lib/autoconf/general.m4:2606: AC_COMPILE_IFELSE is expanded from...
../../lib/m4sugar/m4sh.m4:639: AS_IF is expanded from...
../../lib/autoconf/general.m4:2031: AC_CACHE_VAL is expanded from...
../../lib/autoconf/general.m4:2052: AC_CACHE_CHECK is expanded from...
configure.ac:414: the top level
configure.ac:127: warning: AC_REQUIRE: `AC_HEADER_STDC' was expanded before it was required
configure.ac:127: http://www.gnu.org/software/autoconf/manual/autoconf.html#Expanded-Before-Required
../../lib/autoconf/headers.m4:297: _AC_INCLUDES_DEFAULT_REQUIREMENTS is expanded from...
../../lib/autoconf/headers.m4:353: AC_INCLUDES_DEFAULT is expanded from...
../../lib/autoconf/headers.m4:129: _AC_CHECK_HEADER_MONGREL is expanded from...
../../lib/autoconf/headers.m4:67: AC_CHECK_HEADER is expanded from...
../../lib/m4sugar/m4sh.m4:607: AS_FOR is expanded from...
../../lib/autoconf/headers.m4:249: AC_CHECK_HEADERS is expanded from...
libopts/m4/libopts.m4:11: INVOKE_LIBOPTS_MACROS_FIRST is expanded from...
libopts/m4/libopts.m4:408: INVOKE_LIBOPTS_MACROS is expanded from...
libopts/m4/libopts.m4:466: LIBOPTS_CHECK is expanded from...
configure.ac:127: the top level
configure.ac:414: warning: AC_LANG_CONFTEST: no AC_LANG_SOURCE call detected in body
../../lib/autoconf/lang.m4:193: AC_LANG_CONFTEST is expanded from...
../../lib/autoconf/general.m4:2590: _AC_COMPILE_IFELSE is expanded from...
../../lib/autoconf/general.m4:2606: AC_COMPILE_IFELSE is expanded from...
../../lib/m4sugar/m4sh.m4:639: AS_IF is expanded from...
../../lib/autoconf/general.m4:2031: AC_CACHE_VAL is expanded from...
../../lib/autoconf/general.m4:2052: AC_CACHE_CHECK is expanded from...
configure.ac:414: the top level
autoreconf: running: /usr/bin/autoconf
configure.ac:127: warning: AC_REQUIRE: `AC_HEADER_STDC' was expanded before it was required
configure.ac:127: http://www.gnu.org/software/autoconf/manual/autoconf.html#Expanded-Before-Required
../../lib/autoconf/headers.m4:297: _AC_INCLUDES_DEFAULT_REQUIREMENTS is expanded from...
../../lib/autoconf/headers.m4:353: AC_INCLUDES_DEFAULT is expanded from...
../../lib/autoconf/headers.m4:129: _AC_CHECK_HEADER_MONGREL is expanded from...
../../lib/autoconf/headers.m4:67: AC_CHECK_HEADER is expanded from...
../../lib/m4sugar/m4sh.m4:607: AS_FOR is expanded from...
../../lib/autoconf/headers.m4:249: AC_CHECK_HEADERS is expanded from...
libopts/m4/libopts.m4:11: INVOKE_LIBOPTS_MACROS_FIRST is expanded from...
libopts/m4/libopts.m4:408: INVOKE_LIBOPTS_MACROS is expanded from...
libopts/m4/libopts.m4:466: LIBOPTS_CHECK is expanded from...
configure.ac:127: the top level
configure.ac:414: warning: AC_LANG_CONFTEST: no AC_LANG_SOURCE call detected in body
../../lib/autoconf/lang.m4:193: AC_LANG_CONFTEST is expanded from...
../../lib/autoconf/general.m4:2590: _AC_COMPILE_IFELSE is expanded from...
../../lib/autoconf/general.m4:2606: AC_COMPILE_IFELSE is expanded from...
../../lib/m4sugar/m4sh.m4:639: AS_IF is expanded from...
../../lib/autoconf/general.m4:2031: AC_CACHE_VAL is expanded from...
../../lib/autoconf/general.m4:2052: AC_CACHE_CHECK is expanded from...
configure.ac:414: the top level
autoreconf: running: /usr/bin/autoheader
configure.ac:127: warning: AC_REQUIRE: `AC_HEADER_STDC' was expanded before it was required
configure.ac:127: http://www.gnu.org/software/autoconf/manual/autoconf.html#Expanded-Before-Required
../../lib/autoconf/headers.m4:297: _AC_INCLUDES_DEFAULT_REQUIREMENTS is expanded from...
../../lib/autoconf/headers.m4:353: AC_INCLUDES_DEFAULT is expanded from...
../../lib/autoconf/headers.m4:129: _AC_CHECK_HEADER_MONGREL is expanded from...
../../lib/autoconf/headers.m4:67: AC_CHECK_HEADER is expanded from...
../../lib/m4sugar/m4sh.m4:607: AS_FOR is expanded from...
../../lib/autoconf/headers.m4:249: AC_CHECK_HEADERS is expanded from...
libopts/m4/libopts.m4:11: INVOKE_LIBOPTS_MACROS_FIRST is expanded from...
libopts/m4/libopts.m4:408: INVOKE_LIBOPTS_MACROS is expanded from...
libopts/m4/libopts.m4:466: LIBOPTS_CHECK is expanded from...
configure.ac:127: the top level
configure.ac:414: warning: AC_LANG_CONFTEST: no AC_LANG_SOURCE call detected in body
../../lib/autoconf/lang.m4:193: AC_LANG_CONFTEST is expanded from...
../../lib/autoconf/general.m4:2590: _AC_COMPILE_IFELSE is expanded from...
../../lib/autoconf/general.m4:2606: AC_COMPILE_IFELSE is expanded from...
../../lib/m4sugar/m4sh.m4:639: AS_IF is expanded from...
../../lib/autoconf/general.m4:2031: AC_CACHE_VAL is expanded from...
../../lib/autoconf/general.m4:2052: AC_CACHE_CHECK is expanded from...
configure.ac:414: the top level
autoreconf: running: automake --add-missing --copy --no-force
configure.ac:127: warning: AC_REQUIRE: `AC_HEADER_STDC' was expanded before it was required
configure.ac:127: http://www.gnu.org/software/autoconf/manual/autoconf.html#Expanded-Before-Required
../../lib/autoconf/headers.m4:297: _AC_INCLUDES_DEFAULT_REQUIREMENTS is expanded from...
../../lib/autoconf/headers.m4:353: AC_INCLUDES_DEFAULT is expanded from...
../../lib/autoconf/headers.m4:129: _AC_CHECK_HEADER_MONGREL is expanded from...
../../lib/autoconf/headers.m4:67: AC_CHECK_HEADER is expanded from...
../../lib/m4sugar/m4sh.m4:607: AS_FOR is expanded from...
../../lib/autoconf/headers.m4:249: AC_CHECK_HEADERS is expanded from...
libopts/m4/libopts.m4:11: INVOKE_LIBOPTS_MACROS_FIRST is expanded from...
libopts/m4/libopts.m4:408: INVOKE_LIBOPTS_MACROS is expanded from...
libopts/m4/libopts.m4:466: LIBOPTS_CHECK is expanded from...
configure.ac:127: the top level
configure.ac:414: warning: AC_LANG_CONFTEST: no AC_LANG_SOURCE call detected in body
../../lib/autoconf/lang.m4:193: AC_LANG_CONFTEST is expanded from...
../../lib/autoconf/general.m4:2590: _AC_COMPILE_IFELSE is expanded from...
../../lib/autoconf/general.m4:2606: AC_COMPILE_IFELSE is expanded from...
../../lib/m4sugar/m4sh.m4:639: AS_IF is expanded from...
../../lib/autoconf/general.m4:2031: AC_CACHE_VAL is expanded from...
../../lib/autoconf/general.m4:2052: AC_CACHE_CHECK is expanded from...
configure.ac:414: the top level
configure.ac:37: installing './config.guess'
configure.ac:37: installing './config.sub'
configure.ac:36: installing './install-sh'
configure.ac:36: installing './missing'
Makefile.am: installing './depcomp'
autoreconf: Leaving directory `sntp'
libtoolize: putting auxiliary files in AC_CONFIG_AUX_DIR, `.'.
libtoolize: copying file `./ltmain.sh'
configure.ac:133: warning: AC_LANG_CONFTEST: no AC_LANG_SOURCE call detected in body
../../lib/autoconf/lang.m4:193: AC_LANG_CONFTEST is expanded from...
../../lib/autoconf/general.m4:2590: _AC_COMPILE_IFELSE is expanded from...
../../lib/autoconf/general.m4:2606: AC_COMPILE_IFELSE is expanded from...
../../lib/m4sugar/m4sh.m4:639: AS_IF is expanded from...
../../lib/autoconf/general.m4:2031: AC_CACHE_VAL is expanded from...
../../lib/autoconf/general.m4:2052: AC_CACHE_CHECK is expanded from...
configure.ac:133: the top level
configure.ac:693: warning: AC_LANG_CONFTEST: no AC_LANG_SOURCE call detected in body
../../lib/autoconf/lang.m4:193: AC_LANG_CONFTEST is expanded from...
../../lib/autoconf/general.m4:2590: _AC_COMPILE_IFELSE is expanded from...
../../lib/autoconf/general.m4:2606: AC_COMPILE_IFELSE is expanded from...
configure.ac:693: the top level
configure.ac:720: warning: AC_LANG_CONFTEST: no AC_LANG_SOURCE call detected in body
../../lib/autoconf/lang.m4:193: AC_LANG_CONFTEST is expanded from...
../../lib/autoconf/general.m4:2590: _AC_COMPILE_IFELSE is expanded from...
../../lib/autoconf/general.m4:2606: AC_COMPILE_IFELSE is expanded from...
configure.ac:720: the top level
configure.ac:2178: warning: AC_LANG_CONFTEST: no AC_LANG_SOURCE call detected in body
../../lib/autoconf/lang.m4:193: AC_LANG_CONFTEST is expanded from...
../../lib/autoconf/general.m4:2590: _AC_COMPILE_IFELSE is expanded from...
../../lib/autoconf/general.m4:2606: AC_COMPILE_IFELSE is expanded from...
../../lib/m4sugar/m4sh.m4:639: AS_IF is expanded from...
../../lib/autoconf/general.m4:2031: AC_CACHE_VAL is expanded from...
../../lib/autoconf/general.m4:2052: AC_CACHE_CHECK is expanded from...
configure.ac:2178: the top level
configure.ac:3410: warning: AC_LANG_CONFTEST: no AC_LANG_SOURCE call detected in body
../../lib/autoconf/lang.m4:193: AC_LANG_CONFTEST is expanded from...
../../lib/autoconf/general.m4:2590: _AC_COMPILE_IFELSE is expanded from...
../../lib/autoconf/general.m4:2606: AC_COMPILE_IFELSE is expanded from...
configure.ac:3410: the top level
configure.ac:3423: warning: AC_LANG_CONFTEST: no AC_LANG_SOURCE call detected in body
../../lib/autoconf/lang.m4:193: AC_LANG_CONFTEST is expanded from...
../../lib/autoconf/general.m4:2590: _AC_COMPILE_IFELSE is expanded from...
../../lib/autoconf/general.m4:2606: AC_COMPILE_IFELSE is expanded from...
configure.ac:3423: the top level
configure.ac:133: warning: AC_LANG_CONFTEST: no AC_LANG_SOURCE call detected in body
../../lib/autoconf/lang.m4:193: AC_LANG_CONFTEST is expanded from...
../../lib/autoconf/general.m4:2590: _AC_COMPILE_IFELSE is expanded from...
../../lib/autoconf/general.m4:2606: AC_COMPILE_IFELSE is expanded from...
../../lib/m4sugar/m4sh.m4:639: AS_IF is expanded from...
../../lib/autoconf/general.m4:2031: AC_CACHE_VAL is expanded from...
../../lib/autoconf/general.m4:2052: AC_CACHE_CHECK is expanded from...
configure.ac:133: the top level
configure.ac:693: warning: AC_LANG_CONFTEST: no AC_LANG_SOURCE call detected in body
../../lib/autoconf/lang.m4:193: AC_LANG_CONFTEST is expanded from...
../../lib/autoconf/general.m4:2590: _AC_COMPILE_IFELSE is expanded from...
../../lib/autoconf/general.m4:2606: AC_COMPILE_IFELSE is expanded from...
configure.ac:693: the top level
configure.ac:720: warning: AC_LANG_CONFTEST: no AC_LANG_SOURCE call detected in body
../../lib/autoconf/lang.m4:193: AC_LANG_CONFTEST is expanded from...
../../lib/autoconf/general.m4:2590: _AC_COMPILE_IFELSE is expanded from...
../../lib/autoconf/general.m4:2606: AC_COMPILE_IFELSE is expanded from...
configure.ac:720: the top level
configure.ac:2178: warning: AC_LANG_CONFTEST: no AC_LANG_SOURCE call detected in body
../../lib/autoconf/lang.m4:193: AC_LANG_CONFTEST is expanded from...
../../lib/autoconf/general.m4:2590: _AC_COMPILE_IFELSE is expanded from...
../../lib/autoconf/general.m4:2606: AC_COMPILE_IFELSE is expanded from...
../../lib/m4sugar/m4sh.m4:639: AS_IF is expanded from...
../../lib/autoconf/general.m4:2031: AC_CACHE_VAL is expanded from...
../../lib/autoconf/general.m4:2052: AC_CACHE_CHECK is expanded from...
configure.ac:2178: the top level
configure.ac:3410: warning: AC_LANG_CONFTEST: no AC_LANG_SOURCE call detected in body
../../lib/autoconf/lang.m4:193: AC_LANG_CONFTEST is expanded from...
../../lib/autoconf/general.m4:2590: _AC_COMPILE_IFELSE is expanded from...
../../lib/autoconf/general.m4:2606: AC_COMPILE_IFELSE is expanded from...
configure.ac:3410: the top level
configure.ac:3423: warning: AC_LANG_CONFTEST: no AC_LANG_SOURCE call detected in body
../../lib/autoconf/lang.m4:193: AC_LANG_CONFTEST is expanded from...
../../lib/autoconf/general.m4:2590: _AC_COMPILE_IFELSE is expanded from...
../../lib/autoconf/general.m4:2606: AC_COMPILE_IFELSE is expanded from...
configure.ac:3423: the top level
configure.ac:133: warning: AC_LANG_CONFTEST: no AC_LANG_SOURCE call detected in body
../../lib/autoconf/lang.m4:193: AC_LANG_CONFTEST is expanded from...
../../lib/autoconf/general.m4:2590: _AC_COMPILE_IFELSE is expanded from...
../../lib/autoconf/general.m4:2606: AC_COMPILE_IFELSE is expanded from...
../../lib/m4sugar/m4sh.m4:639: AS_IF is expanded from...
../../lib/autoconf/general.m4:2031: AC_CACHE_VAL is expanded from...
../../lib/autoconf/general.m4:2052: AC_CACHE_CHECK is expanded from...
configure.ac:133: the top level
configure.ac:693: warning: AC_LANG_CONFTEST: no AC_LANG_SOURCE call detected in body
../../lib/autoconf/lang.m4:193: AC_LANG_CONFTEST is expanded from...
../../lib/autoconf/general.m4:2590: _AC_COMPILE_IFELSE is expanded from...
../../lib/autoconf/general.m4:2606: AC_COMPILE_IFELSE is expanded from...
configure.ac:693: the top level
configure.ac:720: warning: AC_LANG_CONFTEST: no AC_LANG_SOURCE call detected in body
../../lib/autoconf/lang.m4:193: AC_LANG_CONFTEST is expanded from...
../../lib/autoconf/general.m4:2590: _AC_COMPILE_IFELSE is expanded from...
../../lib/autoconf/general.m4:2606: AC_COMPILE_IFELSE is expanded from...
configure.ac:720: the top level
configure.ac:2178: warning: AC_LANG_CONFTEST: no AC_LANG_SOURCE call detected in body
../../lib/autoconf/lang.m4:193: AC_LANG_CONFTEST is expanded from...
../../lib/autoconf/general.m4:2590: _AC_COMPILE_IFELSE is expanded from...
../../lib/autoconf/general.m4:2606: AC_COMPILE_IFELSE is expanded from...
../../lib/m4sugar/m4sh.m4:639: AS_IF is expanded from...
../../lib/autoconf/general.m4:2031: AC_CACHE_VAL is expanded from...
../../lib/autoconf/general.m4:2052: AC_CACHE_CHECK is expanded from...
configure.ac:2178: the top level
configure.ac:3410: warning: AC_LANG_CONFTEST: no AC_LANG_SOURCE call detected in body
../../lib/autoconf/lang.m4:193: AC_LANG_CONFTEST is expanded from...
../../lib/autoconf/general.m4:2590: _AC_COMPILE_IFELSE is expanded from...
../../lib/autoconf/general.m4:2606: AC_COMPILE_IFELSE is expanded from...
configure.ac:3410: the top level
configure.ac:3423: warning: AC_LANG_CONFTEST: no AC_LANG_SOURCE call detected in body
../../lib/autoconf/lang.m4:193: AC_LANG_CONFTEST is expanded from...
../../lib/autoconf/general.m4:2590: _AC_COMPILE_IFELSE is expanded from...
../../lib/autoconf/general.m4:2606: AC_COMPILE_IFELSE is expanded from...
configure.ac:3423: the top level
configure.ac:133: warning: AC_LANG_CONFTEST: no AC_LANG_SOURCE call detected in body
../../lib/autoconf/lang.m4:193: AC_LANG_CONFTEST is expanded from...
../../lib/autoconf/general.m4:2590: _AC_COMPILE_IFELSE is expanded from...
../../lib/autoconf/general.m4:2606: AC_COMPILE_IFELSE is expanded from...
../../lib/m4sugar/m4sh.m4:639: AS_IF is expanded from...
../../lib/autoconf/general.m4:2031: AC_CACHE_VAL is expanded from...
../../lib/autoconf/general.m4:2052: AC_CACHE_CHECK is expanded from...
configure.ac:133: the top level
configure.ac:693: warning: AC_LANG_CONFTEST: no AC_LANG_SOURCE call detected in body
../../lib/autoconf/lang.m4:193: AC_LANG_CONFTEST is expanded from...
../../lib/autoconf/general.m4:2590: _AC_COMPILE_IFELSE is expanded from...
../../lib/autoconf/general.m4:2606: AC_COMPILE_IFELSE is expanded from...
configure.ac:693: the top level
configure.ac:720: warning: AC_LANG_CONFTEST: no AC_LANG_SOURCE call detected in body
../../lib/autoconf/lang.m4:193: AC_LANG_CONFTEST is expanded from...
../../lib/autoconf/general.m4:2590: _AC_COMPILE_IFELSE is expanded from...
../../lib/autoconf/general.m4:2606: AC_COMPILE_IFELSE is expanded from...
configure.ac:720: the top level
configure.ac:2178: warning: AC_LANG_CONFTEST: no AC_LANG_SOURCE call detected in body
../../lib/autoconf/lang.m4:193: AC_LANG_CONFTEST is expanded from...
../../lib/autoconf/general.m4:2590: _AC_COMPILE_IFELSE is expanded from...
../../lib/autoconf/general.m4:2606: AC_COMPILE_IFELSE is expanded from...
../../lib/m4sugar/m4sh.m4:639: AS_IF is expanded from...
../../lib/autoconf/general.m4:2031: AC_CACHE_VAL is expanded from...
../../lib/autoconf/general.m4:2052: AC_CACHE_CHECK is expanded from...
configure.ac:2178: the top level
configure.ac:3410: warning: AC_LANG_CONFTEST: no AC_LANG_SOURCE call detected in body
../../lib/autoconf/lang.m4:193: AC_LANG_CONFTEST is expanded from...
../../lib/autoconf/general.m4:2590: _AC_COMPILE_IFELSE is expanded from...
../../lib/autoconf/general.m4:2606: AC_COMPILE_IFELSE is expanded from...
configure.ac:3410: the top level
configure.ac:3423: warning: AC_LANG_CONFTEST: no AC_LANG_SOURCE call detected in body
../../lib/autoconf/lang.m4:193: AC_LANG_CONFTEST is expanded from...
../../lib/autoconf/general.m4:2590: _AC_COMPILE_IFELSE is expanded from...
../../lib/autoconf/general.m4:2606: AC_COMPILE_IFELSE is expanded from...
configure.ac:3423: the top level
configure.ac:133: warning: AC_LANG_CONFTEST: no AC_LANG_SOURCE call detected in body
../../lib/autoconf/lang.m4:193: AC_LANG_CONFTEST is expanded from...
../../lib/autoconf/general.m4:2590: _AC_COMPILE_IFELSE is expanded from...
../../lib/autoconf/general.m4:2606: AC_COMPILE_IFELSE is expanded from...
../../lib/m4sugar/m4sh.m4:639: AS_IF is expanded from...
../../lib/autoconf/general.m4:2031: AC_CACHE_VAL is expanded from...
../../lib/autoconf/general.m4:2052: AC_CACHE_CHECK is expanded from...
configure.ac:133: the top level
configure.ac:693: warning: AC_LANG_CONFTEST: no AC_LANG_SOURCE call detected in body
../../lib/autoconf/lang.m4:193: AC_LANG_CONFTEST is expanded from...
../../lib/autoconf/general.m4:2590: _AC_COMPILE_IFELSE is expanded from...
../../lib/autoconf/general.m4:2606: AC_COMPILE_IFELSE is expanded from...
configure.ac:693: the top level
configure.ac:720: warning: AC_LANG_CONFTEST: no AC_LANG_SOURCE call detected in body
../../lib/autoconf/lang.m4:193: AC_LANG_CONFTEST is expanded from...
../../lib/autoconf/general.m4:2590: _AC_COMPILE_IFELSE is expanded from...
../../lib/autoconf/general.m4:2606: AC_COMPILE_IFELSE is expanded from...
configure.ac:720: the top level
configure.ac:2178: warning: AC_LANG_CONFTEST: no AC_LANG_SOURCE call detected in body
../../lib/autoconf/lang.m4:193: AC_LANG_CONFTEST is expanded from...
../../lib/autoconf/general.m4:2590: _AC_COMPILE_IFELSE is expanded from...
../../lib/autoconf/general.m4:2606: AC_COMPILE_IFELSE is expanded from...
../../lib/m4sugar/m4sh.m4:639: AS_IF is expanded from...
../../lib/autoconf/general.m4:2031: AC_CACHE_VAL is expanded from...
../../lib/autoconf/general.m4:2052: AC_CACHE_CHECK is expanded from...
configure.ac:2178: the top level
configure.ac:3410: warning: AC_LANG_CONFTEST: no AC_LANG_SOURCE call detected in body
../../lib/autoconf/lang.m4:193: AC_LANG_CONFTEST is expanded from...
../../lib/autoconf/general.m4:2590: _AC_COMPILE_IFELSE is expanded from...
../../lib/autoconf/general.m4:2606: AC_COMPILE_IFELSE is expanded from...
configure.ac:3410: the top level
configure.ac:3423: warning: AC_LANG_CONFTEST: no AC_LANG_SOURCE call detected in body
../../lib/autoconf/lang.m4:193: AC_LANG_CONFTEST is expanded from...
../../lib/autoconf/general.m4:2590: _AC_COMPILE_IFELSE is expanded from...
../../lib/autoconf/general.m4:2606: AC_COMPILE_IFELSE is expanded from...
configure.ac:3423: the top level
configure.ac:66: installing './compile'
configure.ac:37: installing './config.guess'
configure.ac:37: installing './config.sub'
configure.ac:36: installing './install-sh'
configure.ac:36: installing './missing'
ElectricFence/Makefile.am: installing './depcomp'
clockstuff/Makefile.am:6: warning: 'INCLUDES' is the old name for 'AM_CPPFLAGS' (or '*_CPPFLAGS')
libntp/Makefile.am:103: warning: 'INCLUDES' is the old name for 'AM_CPPFLAGS' (or '*_CPPFLAGS')
libparse/Makefile.am:71: warning: 'INCLUDES' is the old name for 'AM_CPPFLAGS' (or '*_CPPFLAGS')
configure.ac: installing './ylwrap'
parseutil/Makefile.am:9: warning: 'INCLUDES' is the old name for 'AM_CPPFLAGS' (or '*_CPPFLAGS')
autoreconf: Leaving directory `.'
