configure: loading site script /usr/share/site/x86_64-unknown-linux-gnu
checking for a BSD-compatible install... /usr/bin/install -c
checking whether build environment is sane... yes
checking for a thread-safe mkdir -p... /usr/bin/mkdir -p
checking for gawk... gawk
checking whether make sets $(MAKE)... yes
checking whether make supports nested variables... yes
checking build system type... x86_64-suse-linux-gnu
checking host system type... x86_64-suse-linux-gnu
checking for style of include used by make... GNU
checking for gcc... gcc
checking whether the C compiler works... yes
checking for C compiler default output file name... a.out
checking for suffix of executables... 
checking whether we are cross compiling... no
checking for suffix of object files... o
checking whether we are using the GNU C compiler... yes
checking whether gcc accepts -g... yes
checking for gcc option to accept ISO C89... none needed
checking dependency style of gcc... gcc3
checking how to run the C preprocessor... gcc -E
checking for grep that handles long lines and -e... /usr/bin/grep
checking for egrep... /usr/bin/grep -E
checking for ANSI C header files... yes
checking for sys/types.h... yes
checking for sys/stat.h... yes
checking for stdlib.h... yes
checking for string.h... yes
checking for memory.h... yes
checking for strings.h... yes
checking for inttypes.h... yes
checking for stdint.h... yes
checking for unistd.h... yes
checking minix/config.h usability... no
checking minix/config.h presence... no
checking for minix/config.h... no
checking whether it is safe to define __EXTENSIONS__... yes
checking for gcc... (cached) gcc
checking whether we are using the GNU C compiler... (cached) yes
checking whether gcc accepts -g... (cached) yes
checking for gcc option to accept ISO C89... (cached) none needed
checking dependency style of gcc... (cached) gcc3
checking whether gcc and cc understand -c and -o together... yes
checking how to run the C preprocessor... gcc -E
checking for bison... bison -y
checking for gcc option to accept ISO C99... -std=gnu99
checking for gcc -std=gnu99 option to accept ISO Standard C... (cached) -std=gnu99
checking additional compiler flags... none needed
checking for directory path separator... '/'
checking to see if we need ylwrap VPATH hack... no
checking for pid_t... yes
configure: Using supplied libopts tearoff
checking for ANSI C header files... (cached) yes
checking for dirent.h that defines DIR... yes
checking for library containing opendir... none required
checking dlfcn.h usability... yes
checking dlfcn.h presence... yes
checking for dlfcn.h... yes
checking errno.h usability... yes
checking errno.h presence... yes
checking for errno.h... yes
checking fcntl.h usability... yes
checking fcntl.h presence... yes
checking for fcntl.h... yes
checking libgen.h usability... yes
checking libgen.h presence... yes
checking for libgen.h... yes
checking for memory.h... (cached) yes
checking netinet/in.h usability... yes
checking netinet/in.h presence... yes
checking for netinet/in.h... yes
checking setjmp.h usability... yes
checking setjmp.h presence... yes
checking for setjmp.h... yes
checking sys/mman.h usability... yes
checking sys/mman.h presence... yes
checking for sys/mman.h... yes
checking sys/param.h usability... yes
checking sys/param.h presence... yes
checking for sys/param.h... yes
checking sys/poll.h usability... yes
checking sys/poll.h presence... yes
checking for sys/poll.h... yes
checking sys/procset.h usability... no
checking sys/procset.h presence... no
checking for sys/procset.h... no
checking sys/select.h usability... yes
checking sys/select.h presence... yes
checking for sys/select.h... yes
checking sys/socket.h usability... yes
checking sys/socket.h presence... yes
checking for sys/socket.h... yes
checking sys/stropts.h usability... yes
checking sys/stropts.h presence... yes
checking for sys/stropts.h... yes
checking sys/time.h usability... yes
checking sys/time.h presence... yes
checking for sys/time.h... yes
checking sys/un.h usability... yes
checking sys/un.h presence... yes
checking for sys/un.h... yes
checking sys/wait.h usability... yes
checking sys/wait.h presence... yes
checking for sys/wait.h... yes
checking for unistd.h... (cached) yes
checking utime.h usability... yes
checking utime.h presence... yes
checking for utime.h... yes
checking sysexits.h usability... yes
checking sysexits.h presence... yes
checking for sysexits.h... yes
checking stdarg.h usability... yes
checking stdarg.h presence... yes
checking for stdarg.h... yes
checking for string.h... (cached) yes
checking limits.h usability... yes
checking limits.h presence... yes
checking for limits.h... yes
checking for runetype.h... no
checking for wchar.h... yes
checking for wchar_t... yes
checking for wint_t... yes
checking for stdint.h... (cached) yes
checking for int8_t... yes
checking for uint8_t... yes
checking for int16_t... yes
checking for uint16_t... yes
checking for int32_t... yes
checking for uint32_t... yes
checking for intptr_t... yes
checking for uintptr_t... yes
checking for uint_t... no
checking for pid_t... (cached) yes
checking for size_t... yes
checking size of char*... 8
checking size of int... 4
checking size of long... 8
checking size of short... 2
checking for pathfind in -lgen... no
checking for vprintf... yes
checking for _doprnt... no
checking vfork.h usability... no
checking vfork.h presence... no
checking for vfork.h... no
checking for fork... yes
checking for vfork... yes
checking for working fork... yes
checking for working vfork... (cached) yes
checking for mmap... yes
checking for canonicalize_file_name... yes
checking for snprintf... yes
checking for strdup... yes
checking for strchr... yes
checking for strrchr... yes
checking for strsignal... yes
checking whether a reg expr header is specified... no
checking whether with-libregex was specified... no
checking whether with-libregex-cflags was specified... no
checking whether with-libregex-libs was specified... no
checking whether libregex functions properly... yes
checking whether pathfind(3) works... no
checking whether /dev/zero is readable device... crw-rw-rw- 1 root root 1, 5 Jan 25 13:07 /dev/zero
checking whether we have a functional realpath(3C)... yes
checking whether strftime() works... yes
checking whether fopen accepts "b" mode... yes
checking whether fopen accepts "t" mode... yes
checking whether not wanting optional option args... yes
checking for vfork.h... (cached) no
checking for fork... (cached) yes
checking for vfork... (cached) yes
checking for working fork... (cached) yes
checking for working vfork... (cached) yes
checking for size_t... (cached) yes
checking for working alloca.h... yes
checking for alloca... yes
checking if gcc -std=gnu99 can handle #warning... yes
checking if gcc -std=gnu99 can handle -Wstrict-overflow... yes
checking if gcc -std=gnu99 can handle -Winit-self... yes
checking for bin subdirectory... bin
checking for deprecated --with-arlib... no
checking for gawk... (cached) gawk
checking whether make sets $(MAKE)... (cached) yes
checking how to print strings... printf
checking for a sed that does not truncate output... /usr/bin/sed
checking for fgrep... /usr/bin/grep -F
checking for ld used by gcc -std=gnu99... /usr/x86_64-suse-linux/bin/ld
checking if the linker (/usr/x86_64-suse-linux/bin/ld) is GNU ld... yes
checking for BSD- or MS-compatible name lister (nm)... /usr/bin/nm -B
checking the name lister (/usr/bin/nm -B) interface... BSD nm
checking whether ln -s works... yes
checking the maximum length of command line arguments... 1572864
checking whether the shell understands some XSI constructs... yes
checking whether the shell understands "+="... yes
checking how to convert x86_64-suse-linux-gnu file names to x86_64-suse-linux-gnu format... func_convert_file_noop
checking how to convert x86_64-suse-linux-gnu file names to toolchain format... func_convert_file_noop
checking for /usr/x86_64-suse-linux/bin/ld option to reload object files... -r
checking for objdump... objdump
checking how to recognize dependent libraries... pass_all
checking for dlltool... no
checking how to associate runtime and link libraries... printf %s\n
checking for ar... ar
checking for archiver @FILE support... @
checking for strip... strip
checking for ranlib... ranlib
checking command to parse /usr/bin/nm -B output from gcc -std=gnu99 object... ok
checking for sysroot... no
checking for mt... mt
checking if mt is a manifest tool... no
checking for dlfcn.h... (cached) yes
checking for objdir... .libs
checking if gcc -std=gnu99 supports -fno-rtti -fno-exceptions... no
checking for gcc -std=gnu99 option to produce PIC... -fPIC -DPIC
checking if gcc -std=gnu99 PIC flag -fPIC -DPIC works... yes
checking if gcc -std=gnu99 static flag -static works... yes
checking if gcc -std=gnu99 supports -c -o file.o... yes
checking if gcc -std=gnu99 supports -c -o file.o... (cached) yes
checking whether the gcc -std=gnu99 linker (/usr/x86_64-suse-linux/bin/ld -m elf_x86_64) supports shared libraries... yes
checking dynamic linker characteristics... GNU/Linux ld.so
checking how to hardcode library paths into programs... immediate
checking whether stripping libraries is possible... yes
checking if libtool supports shared libraries... yes
checking whether to build shared libraries... no
checking whether to build static libraries... yes
checking whether ln -s works... yes
checking whether gcc -std=gnu99 needs -traditional... no
checking for working volatile... yes
checking for library containing strerror... none required
checking for sh... /usr/bin/sh
checking for perl... /usr/bin/perl
checking for net-snmp-config path... checking for net-snmp-config... /usr/bin/net-snmp-config
/usr/bin/net-snmp-config
checking for gethostent... yes
checking for openlog... yes
checking for library containing MD5Init... no
checking for MD5Init... no
checking line editing libraries... edit,editline
checking for readline() with -ledit... no
checking for readline() with -ledit -ltermcap... no
checking for el_gets() with -ledit -ltermcap... no
checking for readline() with -ledit -lcurses... no
checking for el_gets() with -ledit -lcurses... no
checking for readline() with -ledit -lncurses... no
checking for el_gets() with -ledit -lncurses... no
checking for readline() with -leditline... no
checking for readline() with -leditline -ltermcap... no
checking for el_gets() with -leditline -ltermcap... no
checking for readline() with -leditline -lcurses... no
checking for el_gets() with -leditline -lcurses... no
checking for readline() with -leditline -lncurses... no
checking for el_gets() with -leditline -lncurses... no
checking for library containing setsockopt... none required
checking for library containing res_init... no
checking for sys/types.h... (cached) yes
checking for netinet/in.h... (cached) yes
checking for arpa/nameser.h... yes
checking for netdb.h... yes
checking for resolv.h... yes
checking for res_init... no
checking for __res_init... yes
checking for ANSI C header files... (cached) yes
checking bstring.h usability... no
checking bstring.h presence... no
checking for bstring.h... no
checking dns_sd.h usability... no
checking dns_sd.h presence... no
checking for dns_sd.h... no
checking for errno.h... (cached) yes
checking for fcntl.h... (cached) yes
checking ieeefp.h usability... no
checking ieeefp.h presence... no
checking for ieeefp.h... no
checking for inttypes.h... (cached) yes
checking kvm.h usability... no
checking kvm.h presence... no
checking for kvm.h... no
checking math.h usability... yes
checking math.h presence... yes
checking for math.h... yes
checking for md5.h... no
checking for memory.h... (cached) yes
checking for netdb.h... (cached) yes
checking poll.h usability... yes
checking poll.h presence... yes
checking for poll.h... yes
checking sched.h usability... yes
checking sched.h presence... yes
checking for sched.h... yes
checking sgtty.h usability... yes
checking sgtty.h presence... yes
checking for sgtty.h... yes
checking for stdlib.h... (cached) yes
checking for string.h... (cached) yes
checking termio.h usability... yes
checking termio.h presence... yes
checking for termio.h... yes
checking termios.h usability... yes
checking termios.h presence... yes
checking for termios.h... yes
checking timepps.h usability... no
checking timepps.h presence... no
checking for timepps.h... no
checking timex.h usability... no
checking timex.h presence... no
checking for timex.h... no
checking for unistd.h... (cached) yes
checking utmp.h usability... yes
checking utmp.h presence... yes
checking for utmp.h... yes
checking utmpx.h usability... yes
checking utmpx.h presence... yes
checking for utmpx.h... yes
checking for arpa/nameser.h... (cached) yes
checking for sys/socket.h... (cached) yes
checking for net/if.h... yes
checking net/if6.h usability... no
checking net/if6.h presence... no
checking for net/if6.h... no
checking for net/route.h... yes
checking netinet/in_system.h usability... no
checking netinet/in_system.h presence... no
checking for netinet/in_system.h... no
checking netinet/in_systm.h usability... yes
checking netinet/in_systm.h presence... yes
checking for netinet/in_systm.h... yes
checking for netinet/in.h... (cached) yes
checking for netinet/ip.h... yes
checking IPPROTO_IP IP_TOS IPTOS_LOWDELAY... yes
checking netinfo/ni.h usability... no
checking netinfo/ni.h presence... no
checking for netinfo/ni.h... no
checking sun/audioio.h usability... no
checking sun/audioio.h presence... no
checking for sun/audioio.h... no
checking sys/audioio.h usability... no
checking sys/audioio.h presence... no
checking for sys/audioio.h... no
checking sys/clkdefs.h usability... no
checking sys/clkdefs.h presence... no
checking for sys/clkdefs.h... no
checking sys/file.h usability... yes
checking sys/file.h presence... yes
checking for sys/file.h... yes
checking sys/ioctl.h usability... yes
checking sys/ioctl.h presence... yes
checking for sys/ioctl.h... yes
checking sys/ipc.h usability... yes
checking sys/ipc.h presence... yes
checking for sys/ipc.h... yes
checking sys/lock.h usability... no
checking sys/lock.h presence... no
checking for sys/lock.h... no
checking for sys/mman.h... (cached) yes
checking sys/modem.h usability... no
checking sys/modem.h presence... no
checking for sys/modem.h... no
checking for sys/param.h... (cached) yes
checking sys/ppsclock.h usability... no
checking sys/ppsclock.h presence... no
checking for sys/ppsclock.h... no
checking sys/ppstime.h usability... no
checking sys/ppstime.h presence... no
checking for sys/ppstime.h... no
checking for sys/select.h... (cached) yes
checking sys/signal.h usability... yes
checking sys/signal.h presence... yes
checking for sys/signal.h... yes
checking sys/sockio.h usability... no
checking sys/sockio.h presence... no
checking for sys/sockio.h... no
checking machine/soundcard.h usability... no
checking machine/soundcard.h presence... no
checking for machine/soundcard.h... no
checking sys/soundcard.h usability... yes
checking sys/soundcard.h presence... yes
checking for sys/soundcard.h... yes
checking for sys/stat.h... (cached) yes
checking sys/stream.h usability... no
checking sys/stream.h presence... no
checking for sys/stream.h... no
checking for sys/stropts.h... (cached) yes
checking sys/sysctl.h usability... yes
checking sys/sysctl.h presence... yes
checking for sys/sysctl.h... yes
checking sys/syssgi.h usability... no
checking sys/syssgi.h presence... no
checking for sys/syssgi.h... no
checking sys/systune.h usability... no
checking sys/systune.h presence... no
checking for sys/systune.h... no
checking sys/termios.h usability... yes
checking sys/termios.h presence... yes
checking for sys/termios.h... yes
checking for sys/time.h... (cached) yes
checking for sys/signal.h... (cached) yes
checking sys/timers.h usability... no
checking sys/timers.h presence... no
checking for sys/timers.h... no
checking sys/tpro.h usability... no
checking sys/tpro.h presence... no
checking for sys/tpro.h... no
checking for sys/types.h... (cached) yes
checking for sys/wait.h... (cached) yes
checking whether time.h and sys/time.h may both be included... yes
checking for __adjtimex... yes
checking for __ntp_gettime... no
checking for sys/proc.h... no
checking for sys/resource.h... yes
checking for sys/shm.h... yes
checking for sys/timex.h... yes
checking for resolv.h... (cached) yes
checking for basic volatile support... (cached) yes
checking for an ANSI C-conforming const... yes
checking whether byte ordering is bigendian... no
checking return type of signal handlers... void
checking for off_t... yes
checking for size_t... (cached) yes
checking for uintptr_t... (cached) yes
checking for time_t... yes
checking for int32... no
checking for u_int32... no
checking for int32 with DNS headers included... no
checking for u_int32 with DNS headers included... no
checking size of time_t... 8
checking whether struct tm is in sys/time.h or time.h... time.h
checking for a fallback value for HZ... 100
checking if we need to override the system's value for HZ... no
checking for struct rt_msghdr... no
checking for struct rtattr... yes
checking struct sigaction for sa_sigaction... yes
checking for struct ppsclockev... no
checking for struct sockaddr_storage... yes
checking for sockaddr_storage.ss_family... yes
checking for sockaddr_storage.ss_len... no
checking for sockaddr_storage.__ss_len... no
checking for in_port_t... yes
checking for struct snd_size... no
checking struct clockinfo for hz... no
checking struct clockinfo for tickadj... no
checking for struct timespec... yes
checking for struct ntptimeval... yes
checking for struct ntptimeval.time.tv_nsec... no
checking for inline... inline
checking whether char is unsigned... no
checking size of signed char... 1
checking size of int... (cached) 4
checking size of long... (cached) 8
checking for s_char... no
checking for uid_t in sys/types.h... yes
checking for library containing clock_gettime... none required
checking for clock_gettime... yes
checking for clock_settime... yes
checking for closefrom... no
checking for daemon... yes
checking for finite... yes
checking for getbootfile... no
checking for getclock... no
checking for getdtablesize... yes
checking for getifaddrs in -linet6... no
checking type of socklen arg for getsockname()... socklen_t
checking for getrusage... yes
checking for gettimeofday... yes
checking for getuid... yes
checking for hstrerror... yes
checking for if_nametoindex... yes
checking for library containing inet_ntop... none required
checking for inet_ntop... yes
checking for inet_pton... yes
checking for mkstemp... yes
checking for mktime... yes
checking for nice... yes
checking for nlist... no
checking for ntp_adjtime... yes
checking for ntp_gettime... yes
checking for plock... no
checking for pututline... yes
checking for pututxline... yes
checking for readlink... yes
checking for recvmsg... yes
checking for rtprio... no
checking for sched_setscheduler... yes
checking for setlinebuf... yes
checking for setpgid... yes
checking for setpriority... yes
checking for setsid... yes
checking for setrlimit... yes
checking for settimeofday... yes
checking for setvbuf... yes
checking for sigaction... yes
checking for sigvec... no
checking for sigset... yes
checking for sigsuspend... yes
checking for stime... yes
checking for strchr... (cached) yes
checking for sysconf... yes
checking for sysctl... yes
checking for snprintf... (cached) yes
checking for strdup... (cached) yes
checking for strerror... yes
checking for timegm... yes
checking for timer_create... no
checking for _exit... yes
checking for umask... yes
checking for uname... yes
checking for updwtmp... yes
checking for updwtmpx... yes
checking for vsnprintf... yes
checking for vsprintf... yes
checking if we need extra help to define struct iovec... no
checking number of arguments to gettimeofday()... 2
checking number of arguments taken by setpgrp()... 0
checking argument pointer type of qsort()'s compare function and base... void
checking if we need to declare 'errno'... no
checking if we may declare 'h_errno'... yes
checking if declaring 'char *sys_errlist[]' is ok... no
checking if declaring 'syscall()' is ok... no
checking if we need extra room for SO_RCVBUF... no
checking if we will open the broadcast socket... yes
checking if we want the HPUX version of FindConfig()... no
checking if process groups are set with -pid... yes
checking if we need a ctty for F_SETOWN... no
checking if the OS fails to clear cached routes when more specific routes become available... no
checking if the OS needs the wildcard socket set to REUSEADDR for binding interface addresses... yes
checking if we'll use clock_settime or settimeofday or stime... clock_settime()
checking if we have a losing syscall()... no
checking for SIGIO... yes
checking if we want to use signalled IO... no
checking for SIGPOLL... yes
checking for SIGSYS... yes
checking if we can use SIGPOLL for UDP I/O... no
checking if we can use SIGPOLL for TTY I/O... no
checking if nlist() values might require extra indirection... no
checking for a minimum recommended value of tickadj... no
checking if the TTY code permits PARENB and IGNPAR... no
checking if we're including ntpd debugging code... yes
checking if we including processing time debugging code... no
checking for a the number of minutes in a DST adjustment... 60
checking if ntpd will retry permanent DNS failures... no
checking if we have the tty_clk line discipline/streams module... no
checking for the ppsclock streams module... no
checking for multicast IP support... yes
checking arg type needed for setsockopt() IP*_MULTICAST_LOOP... u_int
checking availability of ntp_{adj,get}time()... libc
checking if sys/timex.h has STA_FLL... yes
checking if we have kernel PLL support... yes
checking if SIOCGIFCONF returns buffer size in the buffer... no
checking ioctl TIOCGPPSEV... no
checking ioctl TIOCSPPS... no
checking ioctl CIOGETEV... no
checking linux/serial.h usability... yes
checking linux/serial.h presence... yes
checking for linux/serial.h... yes
checking ioctl TIOCGSERIAL, TIOCSSERIAL, ASYNC_PPS_CD_POS, ASYNC_PPS_CD_NEG... no
checking SHMEM_STATUS support... yes
checking Datum/Bancomm bc635/VME interface... no
checking TrueTime GPS receiver/VME interface... no
checking for PCL720 clock support... no
checking for default inclusion of all suitable non-PARSE clocks... yes
checking if we have support for PARSE clocks... yes
checking if we have support for audio clocks... yes
checking if we have support for the SHM refclock interface... yes
checking ACTS modem service... yes
checking Arbiter 1088A/B GPS receiver... yes
checking Arcron MSF receiver... yes
checking Austron 2200A/2201A GPS receiver... yes
checking ATOM PPS interface... yes
checking Chrono-log K-series WWVB receiver... yes
checking CHU modem/decoder... yes
checking CHU audio/decoder... yes
checking Datum Programmable Time System... yes
checking Dumb generic hh:mm:ss local clock... yes
checking Forum Graphic GPS... yes
checking Heath GC-1000 WWV/WWVH receiver... yes
checking for hopf serial clock device... yes
checking for hopf PCI clock 6039... yes
checking HP 58503A GPS receiver... yes
checking IRIG audio decoder... yes
checking for JJY receiver... yes
checking Rockwell Jupiter GPS receiver... no
checking Leitch CSD 5300 Master Clock System Driver... yes
checking local clock reference... yes
checking Magnavox MX4200 GPS receiver... no
checking for NeoClock4X receiver... yes
checking NMEA GPS receiver... yes
checking for ONCORE Motorola VP/UT Oncore GPS... no
checking for Palisade clock... yes
checking Conrad parallel port radio clock... yes
checking PST/Traconex 1020 WWV/WWVH receiver... yes
checking RIPENCC specific Trimble driver... no
checking for SHM clock attached thru shared memory... yes
checking Spectracom 8170/Netclock/2 WWVB receiver... yes
checking KSI/Odetics TPRO/S GPS receiver/IRIG interface... no
checking Kinemetrics/TrueTime receivers... yes
checking TrueTime 560 IRIG-B decoder... no
checking Ultralink M320 WWVB receiver... yes
checking WWV receiver... yes
checking for Zyfer receiver... yes
checking for default inclusion of all suitable PARSE clocks... no
checking Diem Computime Radio Clock... no
checking ELV/DCF7000 clock... no
checking HOPF 6021 clock... no
checking Meinberg clocks... no
checking DCF77 raw time code... no
checking RCC 8000 clock... no
checking Schmid DCF77 clock... no
checking Trimble GPS receiver/TAIP protocol... no
checking Trimble GPS receiver/TSIP protocol... no
checking WHARTON 400A Series clock... no
checking VARITEXT clock... no
checking if we need to make and use the parse libraries... no
checking for openssl library directory... no
checking for openssl include directory... /usr/include
checking if we will use crypto... no
checking if we want to compile with ElectricFence... no
checking if we want to run check-layout... yes
checking if we can make dcf parse utilities... no
checking if we can build kernel streams modules for parse... no
checking if we need basic refclock support... yes
checking if we want HP-UX adjtimed support... no
checking if we want QNX adjtime support... no
checking if we can read kmem... no
checking if adjtime is accurate... yes
checking the name of 'tick' in the kernel... _tick
checking for the units of 'tick'... usec
checking the name of 'tickadj' in the kernel... _tickadj
checking for the units of 'tickadj'... usec
checking half-heartedly for 'dosynctodr' in the kernel... _dosynctodr
checking half-heartedly for 'noprintf' in the kernel... _noprintf
checking for a default value for 'tick'... txc.tick
checking for a default value for 'tickadj'... 500/hz
checking if we want and can make the ntptime utility... yes
checking if we want and can make the tickadj utility... yes
checking if we want and can make the timetrim utility... no
checking if we want to build the NTPD simulator... no
checking if we want to build ntpsnmpd... yes
Can not find "/usr/include/net-snmp/net-snmp-config.h". The net-snmp development files seems to be missing. Exiting
Can not find "/usr/include/net-snmp/net-snmp-config.h". The net-snmp development files seems to be missing. Exiting
checking net-snmp/net-snmp-config.h usability... no
checking net-snmp/net-snmp-config.h presence... no
checking for net-snmp/net-snmp-config.h... no
configure: WARNING: net-snmp-config present but net-snmp headers are not available!
Can not find "/usr/include/net-snmp/net-snmp-config.h". The net-snmp development files seems to be missing. Exiting
checking for netsnmp_daemonize in -lnetsnmp... no
checking if we should always slew the time... no
checking if we should step and slew the time... no
checking if ntpdate should step the time... no
checking if we should sync TODR clock every hour... no
checking if we should avoid kernel FLL bug... no
checking if we want new session key behavior... yes
checking if we should use the IRIG sawtooth filter... no
checking if we should enable NIST lockclock scheme... no
checking if we want support for Samba's signing daemon... no
checking sys/clockctl.h usability... no
checking sys/clockctl.h presence... no
checking for sys/clockctl.h... no
checking if we should use /dev/clockctl... no
checking sys/capability.h usability... yes
checking sys/capability.h presence... yes
checking for sys/capability.h... yes
checking sys/prctl.h usability... yes
checking sys/prctl.h presence... yes
checking for sys/prctl.h... yes
checking if we have linux capabilities (libcap)... yes
checking libscf.h usability... no
checking libscf.h presence... no
checking for libscf.h... no
checking for setppriv... no
checking struct sockaddr for sa_len... no
checking for IPv6 structures... yes
checking for Kame IPv6 support... no
checking for in6_pktinfo... yes
checking for sockaddr_in6.sin6_scope_id... yes
checking for in6addr_any... yes
checking for struct if_laddrconf... no
checking for struct if_laddrreq... no
checking for interface list sysctl... no
checking if we want the saveconfig mechanism... yes
checking that generated files are newer than configure... done
configure: creating ./config.status
config.status: creating libopts/Makefile
config.status: creating Makefile
config.status: creating ElectricFence/Makefile
config.status: creating adjtimed/Makefile
config.status: creating clockstuff/Makefile
config.status: creating include/Makefile
config.status: creating include/isc/Makefile
config.status: creating kernel/Makefile
config.status: creating kernel/sys/Makefile
config.status: creating libntp/Makefile
config.status: creating libparse/Makefile
config.status: creating ntpd/Makefile
config.status: creating ntpdate/Makefile
config.status: creating ntpdc/Makefile
config.status: creating ntpdc/nl.pl
config.status: creating ntpq/Makefile
config.status: creating ntpsnmpd/Makefile
config.status: creating parseutil/Makefile
config.status: creating scripts/Makefile
config.status: creating scripts/calc_tickadj
config.status: creating scripts/checktime
config.status: creating scripts/freq_adj
config.status: creating scripts/html2man
config.status: creating scripts/mkver
config.status: creating scripts/ntp-wait
config.status: creating scripts/ntpsweep
config.status: creating scripts/ntptrace
config.status: creating scripts/ntpver
config.status: creating scripts/plot_summary
config.status: creating scripts/summary
config.status: creating util/Makefile
config.status: creating config.h
config.status: executing depfiles commands
config.status: executing libtool commands
=== configuring in sntp (/scratch/rmukund/Study/Delta-Bingo/Github/github-demo-ntp/sntp)
configure: running /bin/sh ./configure --disable-option-checking '--prefix=/usr/local'  --cache-file=/dev/null --srcdir=.
configure: loading site script /usr/share/site/x86_64-unknown-linux-gnu
checking for a BSD-compatible install... /usr/bin/install -c
checking whether build environment is sane... yes
checking for a thread-safe mkdir -p... /usr/bin/mkdir -p
checking for gawk... gawk
checking whether make sets $(MAKE)... yes
checking whether make supports nested variables... yes
checking build system type... x86_64-suse-linux-gnu
checking host system type... x86_64-suse-linux-gnu
checking for gcc... gcc
checking whether the C compiler works... yes
checking for C compiler default output file name... a.out
checking for suffix of executables... 
checking whether we are cross compiling... no
checking for suffix of object files... o
checking whether we are using the GNU C compiler... yes
checking whether gcc accepts -g... yes
checking for gcc option to accept ISO C89... none needed
checking for style of include used by make... GNU
checking dependency style of gcc... gcc3
checking for gcc option to accept ISO C99... -std=gnu99
checking for gcc -std=gnu99 option to accept ISO Standard C... (cached) -std=gnu99
checking if gcc -std=gnu99 can handle -Wstrict-overflow... yes
checking how to run the C preprocessor... gcc -std=gnu99 -E
checking for grep that handles long lines and -e... /usr/bin/grep
checking for egrep... /usr/bin/grep -E
checking for ANSI C header files... yes
checking for sys/types.h... yes
checking for sys/stat.h... yes
checking for stdlib.h... yes
checking for string.h... yes
checking for memory.h... yes
checking for strings.h... yes
checking for inttypes.h... yes
checking for stdint.h... yes
checking for unistd.h... yes
checking for pid_t... yes
configure: Using supplied libopts tearoff
checking for ANSI C header files... (cached) yes
checking for dirent.h that defines DIR... yes
checking for library containing opendir... none required
checking dlfcn.h usability... yes
checking dlfcn.h presence... yes
checking for dlfcn.h... yes
checking errno.h usability... yes
checking errno.h presence... yes
checking for errno.h... yes
checking fcntl.h usability... yes
checking fcntl.h presence... yes
checking for fcntl.h... yes
checking libgen.h usability... yes
checking libgen.h presence... yes
checking for libgen.h... yes
checking for memory.h... (cached) yes
checking netinet/in.h usability... yes
checking netinet/in.h presence... yes
checking for netinet/in.h... yes
checking setjmp.h usability... yes
checking setjmp.h presence... yes
checking for setjmp.h... yes
checking sys/mman.h usability... yes
checking sys/mman.h presence... yes
checking for sys/mman.h... yes
checking sys/param.h usability... yes
checking sys/param.h presence... yes
checking for sys/param.h... yes
checking sys/poll.h usability... yes
checking sys/poll.h presence... yes
checking for sys/poll.h... yes
checking sys/procset.h usability... no
checking sys/procset.h presence... no
checking for sys/procset.h... no
checking sys/select.h usability... yes
checking sys/select.h presence... yes
checking for sys/select.h... yes
checking sys/socket.h usability... yes
checking sys/socket.h presence... yes
checking for sys/socket.h... yes
checking sys/stropts.h usability... yes
checking sys/stropts.h presence... yes
checking for sys/stropts.h... yes
checking sys/time.h usability... yes
checking sys/time.h presence... yes
checking for sys/time.h... yes
checking sys/un.h usability... yes
checking sys/un.h presence... yes
checking for sys/un.h... yes
checking sys/wait.h usability... yes
checking sys/wait.h presence... yes
checking for sys/wait.h... yes
checking for unistd.h... (cached) yes
checking utime.h usability... yes
checking utime.h presence... yes
checking for utime.h... yes
checking sysexits.h usability... yes
checking sysexits.h presence... yes
checking for sysexits.h... yes
checking stdarg.h usability... yes
checking stdarg.h presence... yes
checking for stdarg.h... yes
checking for string.h... (cached) yes
checking limits.h usability... yes
checking limits.h presence... yes
checking for limits.h... yes
checking for runetype.h... no
checking for wchar.h... yes
checking for wchar_t... yes
checking for wint_t... yes
checking for stdint.h... (cached) yes
checking for int8_t... yes
checking for uint8_t... yes
checking for int16_t... yes
checking for uint16_t... yes
checking for int32_t... yes
checking for uint32_t... yes
checking for intptr_t... yes
checking for uintptr_t... yes
checking for uint_t... no
checking for pid_t... (cached) yes
checking for size_t... yes
checking size of char*... 8
checking size of int... 4
checking size of long... 8
checking size of short... 2
checking for pathfind in -lgen... no
checking for vprintf... yes
checking for _doprnt... no
checking vfork.h usability... no
checking vfork.h presence... no
checking for vfork.h... no
checking for fork... yes
checking for vfork... yes
checking for working fork... yes
checking for working vfork... (cached) yes
checking for mmap... yes
checking for canonicalize_file_name... yes
checking for snprintf... yes
checking for strdup... yes
checking for strchr... yes
checking for strrchr... yes
checking for strsignal... yes
checking whether a reg expr header is specified... no
checking whether with-libregex was specified... no
checking whether with-libregex-cflags was specified... no
checking whether with-libregex-libs was specified... no
checking whether libregex functions properly... yes
checking whether pathfind(3) works... no
checking whether /dev/zero is readable device... crw-rw-rw- 1 root root 1, 5 Jan 25 13:07 /dev/zero
checking whether we have a functional realpath(3C)... yes
checking whether strftime() works... yes
checking whether fopen accepts "b" mode... yes
checking whether fopen accepts "t" mode... yes
checking whether not wanting optional option args... yes
checking how to print strings... printf
checking for a sed that does not truncate output... /usr/bin/sed
checking for fgrep... /usr/bin/grep -F
checking for ld used by gcc -std=gnu99... /usr/x86_64-suse-linux/bin/ld
checking if the linker (/usr/x86_64-suse-linux/bin/ld) is GNU ld... yes
checking for BSD- or MS-compatible name lister (nm)... /usr/bin/nm -B
checking the name lister (/usr/bin/nm -B) interface... BSD nm
checking whether ln -s works... yes
checking the maximum length of command line arguments... 1572864
checking whether the shell understands some XSI constructs... yes
checking whether the shell understands "+="... yes
checking how to convert x86_64-suse-linux-gnu file names to x86_64-suse-linux-gnu format... func_convert_file_noop
checking how to convert x86_64-suse-linux-gnu file names to toolchain format... func_convert_file_noop
checking for /usr/x86_64-suse-linux/bin/ld option to reload object files... -r
checking for objdump... objdump
checking how to recognize dependent libraries... pass_all
checking for dlltool... no
checking how to associate runtime and link libraries... printf %s\n
checking for ar... ar
checking for archiver @FILE support... @
checking for strip... strip
checking for ranlib... ranlib
checking command to parse /usr/bin/nm -B output from gcc -std=gnu99 object... ok
checking for sysroot... no
checking for mt... mt
checking if mt is a manifest tool... no
checking for dlfcn.h... (cached) yes
checking for objdir... .libs
checking if gcc -std=gnu99 supports -fno-rtti -fno-exceptions... no
checking for gcc -std=gnu99 option to produce PIC... -fPIC -DPIC
checking if gcc -std=gnu99 PIC flag -fPIC -DPIC works... yes
checking if gcc -std=gnu99 static flag -static works... yes
checking if gcc -std=gnu99 supports -c -o file.o... yes
checking if gcc -std=gnu99 supports -c -o file.o... (cached) yes
checking whether the gcc -std=gnu99 linker (/usr/x86_64-suse-linux/bin/ld -m elf_x86_64) supports shared libraries... yes
checking dynamic linker characteristics... GNU/Linux ld.so
checking how to hardcode library paths into programs... immediate
checking whether stripping libraries is possible... yes
checking if libtool supports shared libraries... yes
checking whether to build shared libraries... no
checking whether to build static libraries... yes
checking for directory path separator... '/'
checking for gethostent... yes
checking for openlog... yes
checking for library containing setsockopt... none required
checking for ANSI C header files... (cached) yes
checking netdb.h usability... yes
checking netdb.h presence... yes
checking for netdb.h... yes
checking for netinet/in.h... (cached) yes
checking for stdlib.h... (cached) yes
checking for string.h... (cached) yes
checking for strings.h... (cached) yes
checking syslog.h usability... yes
checking syslog.h presence... yes
checking for syslog.h... yes
checking for sys/socket.h... (cached) yes
checking for sys/time.h... (cached) yes
checking whether time.h and sys/time.h may both be included... yes
checking for stdbool.h that conforms to C99... yes
checking for _Bool... yes
checking for an ANSI C-conforming const... yes
checking for size_t... (cached) yes
checking for inline... inline
checking whether char is unsigned... no
checking size of signed char... 1
checking size of int... (cached) 4
checking size of long... (cached) 8
checking for s_char... no
checking for uid_t in sys/types.h... yes
checking type of socklen arg for getsockname()... socklen_t
checking for struct sockaddr_storage... yes
checking for sockaddr_storage.ss_family... yes
checking for sockaddr_storage.ss_len... no
checking for sockaddr_storage.__ss_len... no
checking for in_port_t... yes
checking for multicast IP support... yes
checking arg type needed for setsockopt() IP*_MULTICAST_LOOP... u_int
checking for library containing res_init... no
checking for library containing inet_ntop... none required
checking for inet_ntop... yes
checking for inet_pton... yes
checking for IPv6 structures... yes
checking for Kame IPv6 support... no
checking for in6_pktinfo... no
checking for sockaddr_in6.sin6_scope_id... yes
checking for in6addr_any... yes
checking for struct if_laddrconf... no
checking for struct if_laddrreq... no
checking for socket... yes
checking for bin subdirectory... bin
checking that generated files are newer than configure... done
configure: creating ./config.status
config.status: creating libopts/Makefile
config.status: creating Makefile
config.status: creating config.h
config.status: executing depfiles commands
config.status: executing libtool commands
